This is pdfTeX, Version 3.141592653-2.6-1.40.29 (MiKTeX 26.2) (preloaded format=pdflatex.fmt)
 restricted \write18 enabled.
entering extended mode
(thesis.tex
LaTeX2e <2025-11-01>
L3 programming layer <2026-01-19>
(electhesis.cls
Document Class: electhesis 1994/12/02 Elec. Eng. thesis class
Elec. Eng. Thesis Class `electhesis' <1994/12/02>. BETA VERSION.

Please note that this is a BETA version of electhesis.
If you encounter any problems or bugs in using it please email a message
to latex@elec.canterbury.ac.nz.

(C:\Users\PSTENGE\AppData\Local\Programs\MiKTeX\tex/latex/base\book.cls
Document Class: book 2025/01/22 v1.4n Standard LaTeX document class
(C:\Users\PSTENGE\AppData\Local\Programs\MiKTeX\tex/latex/base\bk11.clo))
(C:\Users\PSTENGE\AppData\Local\Programs\MiKTeX\tex/latex/setspace\setspace.sty
)) (C:\Users\PSTENGE\AppData\Local\Programs\MiKTeX\tex/latex/base\fontenc.sty)
(C:\Users\PSTENGE\AppData\Local\Programs\MiKTeX\tex/latex/lm\lmodern.sty)
(C:\Users\PSTENGE\AppData\Local\Programs\MiKTeX\tex/latex/tools\tabularx.sty
(C:\Users\PSTENGE\AppData\Local\Programs\MiKTeX\tex/latex/tools\array.sty))
(C:\Users\PSTENGE\AppData\Local\Programs\MiKTeX\tex/latex/booktabs\booktabs.sty
) (eleccite.sty
Elec. Eng. Citation Style File `eleccite' <1994/11/10>.
) (C:\Users\PSTENGE\AppData\Local\Programs\MiKTeX\tex/latex/amsmath\amsmath.sty
For additional information on amsmath, use the `?' option.
(C:\Users\PSTENGE\AppData\Local\Programs\MiKTeX\tex/latex/amsmath\amstext.sty
(C:\Users\PSTENGE\AppData\Local\Programs\MiKTeX\tex/latex/amsmath\amsgen.sty))
(C:\Users\PSTENGE\AppData\Local\Programs\MiKTeX\tex/latex/amsmath\amsbsy.sty)
(C:\Users\PSTENGE\AppData\Local\Programs\MiKTeX\tex/latex/amsmath\amsopn.sty))
(C:\Users\PSTENGE\AppData\Local\Programs\MiKTeX\tex/latex/amsfonts\amsfonts.sty
)
(C:\Users\PSTENGE\AppData\Local\Programs\MiKTeX\tex/latex/graphics\graphicx.sty
(C:\Users\PSTENGE\AppData\Local\Programs\MiKTeX\tex/latex/graphics\keyval.sty)
(C:\Users\PSTENGE\AppData\Local\Programs\MiKTeX\tex/latex/graphics\graphics.sty
(C:\Users\PSTENGE\AppData\Local\Programs\MiKTeX\tex/latex/graphics\trig.sty)
(C:\Users\PSTENGE\AppData\Local\Programs\MiKTeX\tex/latex/graphics-cfg\graphics
.cfg)
(C:\Users\PSTENGE\AppData\Local\Programs\MiKTeX\tex/latex/graphics-def\pdftex.d
ef)))
(C:\Users\PSTENGE\AppData\Local\Programs\MiKTeX\tex/latex/multirow\multirow.sty
)
(C:\Users\PSTENGE\AppData\Local\Programs\MiKTeX\tex/latex/caption\subcaption.st
y (C:\Users\PSTENGE\AppData\Local\Programs\MiKTeX\tex/latex/caption\caption.sty
(C:\Users\PSTENGE\AppData\Local\Programs\MiKTeX\tex/latex/caption\caption3.sty)


Package caption Warning: Unknown document class (or package),
(caption)                standard defaults will be used.
See the caption package documentation for explanation.

)) (C:\Users\PSTENGE\AppData\Local\Programs\MiKTeX\tex/latex/float\float.sty)
(C:\Users\PSTENGE\AppData\Local\Programs\MiKTeX\tex/latex/cleveref\cleveref.sty
)
==> First Aid for cleveref.sty applied!

(C:\Users\PSTENGE\AppData\Local\Programs\MiKTeX\tex/latex/geometry\geometry.sty
(C:\Users\PSTENGE\AppData\Local\Programs\MiKTeX\tex/generic/iftex\ifvtex.sty
(C:\Users\PSTENGE\AppData\Local\Programs\MiKTeX\tex/generic/iftex\iftex.sty))
(C:\Users\PSTENGE\AppData\Local\Programs\MiKTeX\tex/latex/geometry\geometry.cfg
)) (C:\Users\PSTENGE\AppData\Local\Programs\MiKTeX\tex/latex/lm\t1lmr.fd)
(C:\Users\PSTENGE\AppData\Local\Programs\MiKTeX\tex/latex/l3backend\l3backend-p
dftex.def) (thesis.aux (abstract.aux) (acknowledgements.aux) (preface.aux)
(notation.aux) (1-intro/introduction.aux) (2-background/background.aux)
(3-SLAM/SLAM.aux) (4-precise-alignment/precise-alignment.aux)
(5-conclusion/conclusion.aux) (appendix-a.aux))
(C:\Users\PSTENGE\AppData\Local\Programs\MiKTeX\tex/context/base/mkii\supp-pdf.
mkii
[Loading MPS to PDF converter (version 2006.09.02).]
)
(C:\Users\PSTENGE\AppData\Local\Programs\MiKTeX\tex/latex/epstopdf-pkg\epstopdf
-base.sty
(C:\Users\PSTENGE\AppData\Local\Programs\MiKTeX\tex/latex/00miktex\epstopdf-sys
.cfg))
*geometry* driver: auto-detecting
*geometry* detected driver: pdftex
(C:\Users\PSTENGE\AppData\Local\Programs\MiKTeX\tex/latex/lm\ot1lmr.fd)
(C:\Users\PSTENGE\AppData\Local\Programs\MiKTeX\tex/latex/lm\omllmm.fd)
(C:\Users\PSTENGE\AppData\Local\Programs\MiKTeX\tex/latex/lm\omslmsy.fd)
(C:\Users\PSTENGE\AppData\Local\Programs\MiKTeX\tex/latex/lm\omxlmex.fd)
(C:\Users\PSTENGE\AppData\Local\Programs\MiKTeX\tex/latex/amsfonts\umsa.fd)
(C:\Users\PSTENGE\AppData\Local\Programs\MiKTeX\tex/latex/amsfonts\umsb.fd)
[1{C:/Users/PSTENGE/AppData/Local/MiKTeX/fonts/map/pdftex/pdftex.map}{C:/Users/
PSTENGE/AppData/Local/Programs/MiKTeX/fonts/enc/dvips/lm/lm-ec.enc}]
(abstract.tex) [2] (thesis.toc [3] [4]) [5] (acknowledgements.tex) [6]
(preface.tex) [7] (notation.tex) [8] (1-intro/introduction.tex
Chapter 1.
(1-intro/tex/1-research-context.tex) (1-intro/tex/1-motivation.tex [1])
(1-intro/tex/1-research-objectives.tex
(C:\Users\PSTENGE\AppData\Local\Programs\MiKTeX\tex/latex/lm\ts1lmr.fd)
[2{C:/Users/PSTENGE/AppData/Local/Programs/MiKTeX/fonts/enc/dvips/lm/lm-ts1.enc
}]
Overfull \hbox (15.21852pt too wide) in paragraph at lines 18--19
[]\T1/lmr/m/n/10.95 Validate lo-cal-i-sa-tion per-for-mance un-der vary-ing vin
e-yard con-di-tions in-clud-ing GNSS dropout,
) (1-intro/tex/1-thesis-structure.tex)) [3] (2-background/background.tex
Chapter 2.
(2-background/tex/2-robot-localisation.tex [4] [5{C:/Users/PSTENGE/AppData/Loca
l/Programs/MiKTeX/fonts/enc/dvips/lm/lm-rm.enc}{C:/Users/PSTENGE/AppData/Local/
Programs/MiKTeX/fonts/enc/dvips/lm/lm-mathit.enc}{C:/Users/PSTENGE/AppData/Loca
l/Programs/MiKTeX/fonts/enc/dvips/lm/lm-mathsy.enc}{C:/Users/PSTENGE/AppData/Lo
cal/Programs/MiKTeX/fonts/enc/dvips/lm/lm-mathex.enc}] [6] [7 <./2-background/f
igures/globalMappingOccupancyGrid.png> <./2-background/figures/sonarOccupancyGr
id.png>] [8 <./2-background/figures/OccupancyGridSensorFusion.png>] [9])
(2-background/tex/2-vineyard-robotics.tex [10] [11])
(2-background/tex/2-vineyard-pruning.tex [12]
Underfull \hbox (badness 10000) in paragraph at lines 26--26
[]|\T1/lmr/m/n/10.95 Moderate (Depth-

Underfull \hbox (badness 2173) in paragraph at lines 26--26
[]|\T1/lmr/m/n/10.95 Archie Jnr [Navone

Underfull \hbox (badness 10000) in paragraph at lines 26--26
[]|\T1/lmr/m/n/10.95 High (3D Co-or-di-
[13])) [14] (3-SLAM/SLAM.tex
Chapter 3.
(3-SLAM/3-intro/tex/3-intro.tex [15])
(3-SLAM/3-related-work/tex/3-related-work.tex [16] [17] [18]
Underfull \hbox (badness 10000) in paragraph at lines 75--75
[]|\T1/lmr/bx/n/10 Latin Hy-per-cube

Underfull \hbox (badness 10000) in paragraph at lines 75--75
[]|\T1/lmr/m/n/10 Guaranteed uni-vari-ate

Underfull \hbox (badness 10000) in paragraph at lines 75--75
\T1/lmr/m/n/10 uni-for-mity [Chris-

Underfull \hbox (badness 10000) in paragraph at lines 75--75
[]|\T1/lmr/m/n/10 High; in-de-pen-dent

Underfull \hbox (badness 10000) in paragraph at lines 75--75
\T1/lmr/m/n/10 of $\OML/lmm/m/it/10 d$ \T1/lmr/m/n/10 [Deutsch and

Underfull \hbox (badness 2426) in paragraph at lines 75--75
[]|\T1/lmr/m/n/10 Consistent; asymp-tot-i-

Underfull \hbox (badness 1331) in paragraph at lines 75--75
[]|\T1/lmr/m/n/10 Near-random with low

Underfull \hbox (badness 10000) in paragraph at lines 75--75
\T1/lmr/m/n/10 dis-crep-ancy [Chris-
[19]
Underfull \hbox (badness 10000) in paragraph at lines 106--106
[]|\T1/lmr/bx/n/10 VSLAM Fail-ure

Underfull \hbox (badness 10000) in paragraph at lines 106--106
[]|\T1/lmr/m/n/10 Requires adap-tive

Underfull \hbox (badness 10000) in paragraph at lines 106--106
[]|\T1/lmr/m/n/10 Segmentation er-rors

Underfull \hbox (badness 10000) in paragraph at lines 106--106
[]|\T1/lmr/m/n/10 Necessitates ro-bust

Underfull \hbox (badness 10000) in paragraph at lines 106--106
\T1/lmr/m/n/10 loss ker-nels [Soares

Underfull \hbox (badness 4441) in paragraph at lines 106--106
[]|\T1/lmr/m/n/10 Geometric de-gen-er-acy

Underfull \hbox (badness 6268) in paragraph at lines 106--106
[]|\T1/lmr/m/n/10 High de-pen-dency on

Underfull \hbox (badness 10000) in paragraph at lines 106--106
\T1/lmr/m/n/10 sen-sor fu-sion [Wei

Underfull \hbox (badness 10000) in paragraph at lines 106--106
[]|\T1/lmr/m/n/10 Motion blur [Xu

Underfull \hbox (badness 10000) in paragraph at lines 106--106
[]|\T1/lmr/m/n/10 Point cloud skew
) (3-SLAM/3-methodology/tex/3-methodology.tex [20] [21] [22] [23] [24] [25]
Overfull \hbox (1.60901pt too wide) in paragraph at lines 206--207
 \T1/lmr/bx/n/10.95 Sta-tis-ti-cal Search Space Con-trac-tion[] \T1/lmr/m/n/10.
95 At the con-clu-sion of each phase $\OML/lmm/m/it/10.95 i$\T1/lmr/m/n/10.95 ,
 the top-performing
[26]
Underfull \hbox (badness 10000) in paragraph at lines 227--227
[]|\T1/lmr/m/n/10.95 High-density sam-pling within
[27]) (3-SLAM/3-results/tex/3-results.tex
Underfull \hbox (badness 10000) in paragraph at lines 32--32
[]|\T1/lmr/bx/n/10.95 Dataset

Underfull \hbox (badness 10000) in paragraph at lines 32--32
[]|\T1/lmr/bx/n/10.95 Dataset

Underfull \hbox (badness 10000) in paragraph at lines 32--32
[]|\T1/lmr/bx/n/10.95 Dataset

Underfull \hbox (badness 10000) in paragraph at lines 32--32
[]|\T1/lmr/bx/n/10.95 Dataset

Underfull \hbox (badness 10000) in paragraph at lines 32--32
[]|\T1/lmr/bx/n/10.95 Dataset
[28]
Underfull \hbox (badness 10000) in paragraph at lines 62--62
[]|\T1/lmr/bx/n/10.95 Dataset

Underfull \hbox (badness 10000) in paragraph at lines 62--62
[]|\T1/lmr/bx/n/10.95 Dataset

Underfull \hbox (badness 10000) in paragraph at lines 62--62
[]|\T1/lmr/bx/n/10.95 Dataset

Underfull \hbox (badness 10000) in paragraph at lines 62--62
[]|\T1/lmr/bx/n/10.95 Dataset

Underfull \hbox (badness 10000) in paragraph at lines 62--62
[]|\T1/lmr/bx/n/10.95 Dataset

Underfull \hbox (badness 10000) in paragraph at lines 94--94
[]|\T1/lmr/bx/n/10.95 Dataset

Underfull \hbox (badness 10000) in paragraph at lines 94--94
[]|\T1/lmr/bx/n/10.95 Dataset

Underfull \hbox (badness 10000) in paragraph at lines 94--94
[]|\T1/lmr/bx/n/10.95 Dataset

Underfull \hbox (badness 10000) in paragraph at lines 94--94
[]|\T1/lmr/bx/n/10.95 Dataset

Underfull \hbox (badness 10000) in paragraph at lines 94--94
[]|\T1/lmr/bx/n/10.95 Dataset
[29]
Overfull \vbox (32.99356pt too high) detected at line 121

Overfull \vbox (32.99356pt too high) detected at line 121

Underfull \hbox (badness 10000) in paragraph at lines 121--121
[]|\T1/lmr/m/n/10.95 Baseline

Underfull \hbox (badness 10000) in paragraph at lines 121--121
[]|\T1/lmr/m/n/10.95 Refined

Underfull \hbox (badness 10000) in paragraph at lines 121--121
[]|\T1/lmr/m/n/10.95 Proposed

Underfull \hbox (badness 10000) in paragraph at lines 121--121
[]|\T1/lmr/m/n/10.95 Baseline

Underfull \hbox (badness 10000) in paragraph at lines 121--121
[]|\T1/lmr/m/n/10.95 Refined

Underfull \hbox (badness 10000) in paragraph at lines 121--121
[]|\T1/lmr/m/n/10.95 Proposed

Underfull \hbox (badness 10000) in paragraph at lines 121--121
[]|\T1/lmr/m/n/10.95 Baseline

Underfull \hbox (badness 10000) in paragraph at lines 121--121
[]|\T1/lmr/m/n/10.95 Refined

Underfull \hbox (badness 10000) in paragraph at lines 121--121
[]|\T1/lmr/m/n/10.95 Proposed
[30]
Underfull \hbox (badness 10000) in paragraph at lines 138--138
[]|\T1/lmr/bx/n/10.95 Dataset

Underfull \hbox (badness 10000) in paragraph at lines 138--138
[]|\T1/lmr/bx/n/10.95 Dataset

Underfull \hbox (badness 10000) in paragraph at lines 138--138
[]|\T1/lmr/bx/n/10.95 Dataset

Underfull \hbox (badness 10000) in paragraph at lines 138--138
[]|\T1/lmr/bx/n/10.95 Dataset

Underfull \hbox (badness 10000) in paragraph at lines 138--138
[]|\T1/lmr/bx/n/10.95 Dataset
[31] [32 <./3-SLAM/3-results/figures/glim_error_distribution_by_stage_log.png> 
<./3-SLAM/3-results/figures/proposed_error_distribution_by_stage_log.png>]
[33 <./3-SLAM/3-results/figures/glim_consensus_progression.png> <./3-SLAM/3-res
ults/figures/proposed_consensus_progression.png>] [34 <./3-SLAM/3-results/figur
es/spider_error_per_m.png> <./3-SLAM/3-results/figures/spider_error_pct.png> <.
/3-SLAM/3-results/figures/spider_mean_abs_pos_err.png> <./3-SLAM/3-results/figu
res/spider_rpe_1m_trans_std.png>]) [35 <./3-SLAM/3-results/figures/ds0_xy.png> 
<./3-SLAM/3-results/figures/pds0_xy.png> <./3-SLAM/3-results/figures/ds1_xy.png
> <./3-SLAM/3-results/figures/pds1_xy.png> <./3-SLAM/3-results/figures/ds2_xy.p
ng> <./3-SLAM/3-results/figures/pds2_xy.png> <./3-SLAM/3-results/figures/ds3_xy
.png> <./3-SLAM/3-results/figures/pds3_xy.png> <./3-SLAM/3-results/figures/ds4_
xy.png> <./3-SLAM/3-results/figures/pds4_xy.png>]
Overfull \vbox (4.45688pt too high) has occurred while \output is active
[36 <./3-SLAM/3-results/figures/ds0_z.png> <./3-SLAM/3-results/figures/pds0_z.p
ng> <./3-SLAM/3-results/figures/ds1_z.png> <./3-SLAM/3-results/figures/pds1_z.p
ng> <./3-SLAM/3-results/figures/ds2_z.png> <./3-SLAM/3-results/figures/pds2_z.p
ng> <./3-SLAM/3-results/figures/ds3_z.png> <./3-SLAM/3-results/figures/pds3_z.p
ng> <./3-SLAM/3-results/figures/ds4_z.png> <./3-SLAM/3-results/figures/pds4_z.p
ng>] (3-SLAM/3-discussion/tex/3-discussion.tex [37]
Underfull \hbox (badness 10000) in paragraph at lines 45--45
[]|\T1/lmr/bx/n/10.95 Dataset

Underfull \hbox (badness 10000) in paragraph at lines 45--45
[]|\T1/lmr/bx/n/10.95 Dataset

Underfull \hbox (badness 10000) in paragraph at lines 45--45
[]|\T1/lmr/bx/n/10.95 Dataset

Underfull \hbox (badness 10000) in paragraph at lines 45--45
[]|\T1/lmr/bx/n/10.95 Dataset

Underfull \hbox (badness 10000) in paragraph at lines 45--45
[]|\T1/lmr/bx/n/10.95 Dataset
[38] [39] [40] [41]) (3-SLAM/3-summary/tex/3-summary.tex)) [42]
(4-precise-alignment/precise-alignment.tex
Chapter 4.
(4-precise-alignment/4-intro/tex/4-intro.tex [43])
(4-precise-alignment/4-related-work/tex/4-related-work.tex [44] [45] [46]
[47] [48]) (4-precise-alignment/4-methodology/tex/4-methodology.tex)
(4-precise-alignment/4-results/tex/4-results.tex)
(4-precise-alignment/4-discussion/tex/4-discussion.tex)
(4-precise-alignment/4-summary/tex/4-summary.tex)) [49]
(5-conclusion/conclusion.tex
Chapter 5.
(5-conclusion/tex/5-future-work.tex)) [50] (thesis.bbl
Chapter 6.
[51] [52]
Underfull \hbox (badness 10000) in paragraph at lines 142--146
\T1/lmr/m/n/10.95 https://www.mpi.govt.nz/resources-and-forms/economic-intellig
ence/situation-and-
[53] [54] [55] [56]) [57] (appendix-a.tex) [58] (thesis.aux (abstract.aux)
(acknowledgements.aux) (preface.aux) (notation.aux) (1-intro/introduction.aux)
(2-background/background.aux) (3-SLAM/SLAM.aux)
(4-precise-alignment/precise-alignment.aux) (5-conclusion/conclusion.aux)
(appendix-a.aux)) )
(see the transcript file for additional information)<C:/Users/PSTENGE/AppData/L
ocal/Programs/MiKTeX/fonts/type1/public/lm/lmbx10.pfb><C:/Users/PSTENGE/AppData
/Local/Programs/MiKTeX/fonts/type1/public/lm/lmbx12.pfb><C:/Users/PSTENGE/AppDa
ta/Local/Programs/MiKTeX/fonts/type1/public/lm/lmbx8.pfb><C:/Users/PSTENGE/AppD
ata/Local/Programs/MiKTeX/fonts/type1/public/lm/lmcsc10.pfb><C:/Users/PSTENGE/A
ppData/Local/Programs/MiKTeX/fonts/type1/public/lm/lmex10.pfb><C:/Users/PSTENGE
/AppData/Local/Programs/MiKTeX/fonts/type1/public/lm/lmmi10.pfb><C:/Users/PSTEN
GE/AppData/Local/Programs/MiKTeX/fonts/type1/public/lm/lmmi7.pfb><C:/Users/PSTE
NGE/AppData/Local/Programs/MiKTeX/fonts/type1/public/lm/lmmi8.pfb><C:/Users/PST
ENGE/AppData/Local/Programs/MiKTeX/fonts/type1/public/lm/lmmib10.pfb><C:/Users/
PSTENGE/AppData/Local/Programs/MiKTeX/fonts/type1/public/lm/lmr10.pfb><C:/Users
/PSTENGE/AppData/Local/Programs/MiKTeX/fonts/type1/public/lm/lmr12.pfb><C:/User
s/PSTENGE/AppData/Local/Programs/MiKTeX/fonts/type1/public/lm/lmr6.pfb><C:/User
s/PSTENGE/AppData/Local/Programs/MiKTeX/fonts/type1/public/lm/lmr7.pfb><C:/User
s/PSTENGE/AppData/Local/Programs/MiKTeX/fonts/type1/public/lm/lmr8.pfb><C:/User
s/PSTENGE/AppData/Local/Programs/MiKTeX/fonts/type1/public/lm/lmr9.pfb><C:/User
s/PSTENGE/AppData/Local/Programs/MiKTeX/fonts/type1/public/lm/lmri10.pfb><C:/Us
ers/PSTENGE/AppData/Local/Programs/MiKTeX/fonts/type1/public/lm/lmsy10.pfb><C:/
Users/PSTENGE/AppData/Local/Programs/MiKTeX/fonts/type1/public/lm/lmsy8.pfb><C:
/Users/PSTENGE/AppData/Local/Programs/MiKTeX/fonts/type1/public/amsfonts/symbol
s/msbm10.pfb>
Output written on thesis.pdf (66 pages, 1784912 bytes).
Transcript written on thesis.log.
pdflatex: major issue: So far, you have not checked for MiKTeX updates.
